<?xml version="1.0" encoding="UTF-8" ?>
<testsuite tests="7" failures="0" name="com.demo.AppDemo.BankAccountTest" time="0.006" errors="0" skipped="0">
  <properties>
[...]
</properties>
  <testcase classname="com.demo.AppDemo.BankAccountTest" name="testNegativeInitialBalance" time="0.004"/>
  <testcase classname="com.demo.AppDemo.BankAccountTest" name="testAccountCreation" time="0.001"/>
  <testcase classname="com.demo.AppDemo.BankAccountTest" name="testWithdrawInsufficientBalance" time="0.001"/>
  <testcase classname="com.demo.AppDemo.BankAccountTest" name="testWithdraw" time="0"/>
  <testcase classname="com.demo.AppDemo.BankAccountTest" name="testDepositNegativeAmount" time="0"/>
  <testcase classname="com.demo.AppDemo.BankAccountTest" name="testDeposit" time="0"/>
  <testcase classname="com.demo.AppDemo.BankAccountTest" name="testWithdrawNegativeAmount" time="0"/>
</testsuite>